===============================================================================
TIME: Sat Oct  9 15:46:55 2010, USER: williamr, HOST: UK-1086
C:\Perl\bin\perl.exe (v5.12.1-MSWin32)
WriteFile: `>/epoc32/rombuild/syborg/log/syborg_flash.log'
ChangeDir: `/epoc32/rombuild/syborg'
ReadFile: `/epoc32/rombuild/syborg/syborg_flash.icmd'
# IMAKER_VERSION   = `iMaker 09.06.01, 05-Feb-2009.'
# IMAKER_CMDARG    = `--file=/epoc32/rom/config/sf_refhw/syborg/image_conf_syborg.mk  flash'
# IMAKER_MAKECMD   = `\epoc32\tools\rom\imaker\mingw_make.exe -R --no-print-directory SHELL="C:\Windows\system32\cmd.exe" -I M:/epoc32/rom/config -f M:/epoc32/tools/rom/imaker/imaker.mk TIMESTAMP=2010100915465441  --file=/epoc32/rom/config/sf_refhw/syborg/image_conf_syborg.mk  -f M:/epoc32/tools/rom/imaker/imaker.mk flash'
# IMAKER_PERLCMD   = `perl -x M:/epoc32/tools/rom/imaker/imaker.pl --cmdfile "/epoc32/rombuild/syborg/syborg_flash.icmd" --logfile "/epoc32/rombuild/syborg/log/syborg_flash.log"  --step "IMAKERPRE:cbk-COREPRE:cb-CORE:cb-COREPOST:cb" --verbose "1" --workdir "/epoc32/rombuild/syborg"'
# IMAKER_EXITSHELL = `'
# SHELL            = `C:/Windows/system32/cmd.exe'
# MAKE             = `M:/epoc32/tools/rom/imaker/mingw_make'
# MAKEFLAGS        = ` --no-print-directory -RrI M:/epoc32/rom/config -- TIMESTAMP=2010100915465441 SHELL=C:/Windows/system32/cmd.exe'
# MAKECMDGOALS     = `flash'
# $@               = `flash'
# MAKELEVEL        = `0'
# MAKE_RESTARTS    = `'
# MAKEFILE_LIST    = ` M:/epoc32/tools/rom/imaker/imaker.mk M:/epoc32/tools/rom/imaker/imaker_help.mk M:/epoc32/tools/rom/imaker/imaker_image.mk M:/epoc32/tools/rom/imaker/imaker_core.mk M:/epoc32/tools/rom/imaker/imaker_odp.mk M:/epoc32/tools/rom/imaker/imaker_rofs2.mk M:/epoc32/tools/rom/imaker/imaker_rofs3.mk M:/epoc32/tools/rom/imaker/imaker_rofs4.mk M:/epoc32/tools/rom/imaker/imaker_uda.mk M:/epoc32/tools/rom/imaker/imaker_variant.mk M:/epoc32/tools/rom/imaker/imaker_minienv.mk M:/epoc32/tools/rom/imaker/imaker_public.mk M:/epoc32/tools/rom/imaker/imaker_tools.mk M:/epoc32/tools/rom/imaker/imaker_version.mk /epoc32/rom/config/sf_refhw/syborg/image_conf_syborg.mk /epoc32/rom/config/sf_refhw/image_conf_sf_refhw.mk M:/epoc32/tools/rom/imaker/imaker.mk /epoc32/rom/config/image_conf_buildinfo.mk'
# .INCLUDE_DIRS    = `M:/epoc32/rom/config'
# FEATVAR_IDIR     = `/epoc32/rom/config /epoc32/rom'
# CPPFILE_LIST     = `'
# EPOCROOT         = `\'
# ITOOL_DIR        = `M:/epoc32/tools/rom'
# IMAKER_DIR       = `M:/epoc32/tools/rom/imaker'
# ITOOL_PATH       = `M:\epoc32\tools\rom;M:\epoc32\tools;M:\epoc32\gcc\bin'
# PATH             = `M:\epoc32\tools\rom;M:\epoc32\tools;M:\epoc32\gcc\bin;C:\apps\CodeSourcery\bin;C:\Apps\arm\RVCT\Programs\2.2\686\win_32-pentium;C:\Apps\arm\RVCT\Programs\4.0\650\win_32-pentium;C:\Python26\Scripts;C:\Python26\;C:\Perl\site\bin;C:\Perl\bin;C:\Windows\system32;C:\Windows;C:\Windows\System32\Wbem;C:\Windows\System32\WindowsPowerShell\v1.0\;C:\Program Files\WIDCOMM\Bluetooth Software\;C:\Program Files\WIDCOMM\Bluetooth Software\syswow64;C:\Program Files\Intel\WiFi\bin\;C:\Program Files\Common Files\Intel\WirelessCommon\;c:\Program Files (x86)\ATI Technologies\ATI.ACE\Core-Static;C:\Symbian\Tools\PDT_1.7;C:\Symbian\Tools\PDT_1.7\raptor\bin;C:\Symbian\Tools\PDT_1.7\helium;C:\Symbian\Tools\PDT_1.7\ConE;C:\Symbian\Tools\PDT_1.7\utilities\bin;C:\Symbian\Tools\PDT_1.7\bootstrap;C:\Symbian\Tools\PDT_1.7\helium\runtime\7zip;C:\Symbian\Tools\PDT_1.7\Carbide.c++\x86Build\Symbian_Tools\Command_Line_Tools;C:\Program Files (x86)\TortoiseHg\;C:\Program Files (x86)\7-Zip\;\epoc32\tools;C:\Users\williamr\AppData\Roaming\Python\Scripts;C:\Program Files (x86)\7-Zip\'
Steps: CLEAN_IMAKERPRE, BUILD_IMAKERPRE, CLEAN_COREPRE, BUILD_COREPRE, CLEAN_CORE, BUILD_CORE, CLEAN_COREPOST, BUILD_COREPOST (empty)
===============================================================================
ENTER: `S:IMAKERPRE,C:1,B:1,K:1,V:1'
DeleteFile: `/epoc32/rombuild/syborg/syborg_flash.icmd'
EXIT: `S:IMAKERPRE,C:1,B:1,K:1,V:1', duration: 00:00
===============================================================================
ENTER: `S:COREPRE,C:1,B:1,K:0,V:1'
DeleteFile: `/epoc32/rombuild/syborg/core/syborg_core_master.oby'
DeleteFile: `/epoc32/rombuild/syborg/core/syborg_core_collected.oby'
ChangeDir: `/epoc32/rombuild/syborg/core'
Generating file(s) for Core image creation
WriteFile: `>/epoc32/rombuild/syborg/core/syborg_core_master.oby'
FindFile: Directory `/epoc32/rom/include/core/app', pattern `*.iby' (?i-xsm:^(.*\.iby)$), found 438/438 files
FindFile: Directory `/epoc32/rom/include/core/mw', pattern `*.iby' (?i-xsm:^(.*\.iby)$), found 656/657 files
FindFile: Directory `/epoc32/rom/include/core/os', pattern `*.iby' (?i-xsm:^(.*\.iby)$), found 76/78 files
FindFile: Directory `/epoc32/rom/include/core/stubs', pattern `*.iby' (?i-xsm:^(.*\.iby)$), found 6/6 files
FindFile: Directory `/epoc32/rom/include/core/tools', pattern `*.iby' (?i-xsm:^(.*\.iby)$), found 15/15 files
FindFile: Directory `/epoc32/rom/include/language/*', pattern `*.iby' (?i-xsm:^(.*\.iby)$), found 410/410 files
FindFile: Directory `/epoc32/rom/include/customer/*', pattern `*.iby' (?i-xsm:^(.*\.iby)$), found 166/166 files
FindFile: Directory `/epoc32/rom/include/customervariant/*', pattern `*.iby' (?i-xsm:^(.*\.iby)$), found 8/8 files
WriteFile: `>/epoc32/rombuild/syborg/core/syborg_core_collected.oby'
EXIT: `S:COREPRE,C:1,B:1,K:0,V:1', duration: 00:02
ChangeDir: `/epoc32/rombuild/syborg'
===============================================================================
ENTER: `S:CORE,C:1,B:1,K:0,V:1'
DeleteFile: `/epoc32/rombuild/syborg/core/syborg.dir'
DeleteFile: `/epoc32/rombuild/syborg/core/syborg.rom.img'
DeleteFile: `/epoc32/rombuild/syborg/core/syborg.rom.log'
DeleteFile: `/epoc32/rombuild/syborg/core/syborg.rom.oby'
DeleteFile: `/epoc32/rombuild/syborg/core/syborg.tmp1.oby'
DeleteFile: `/epoc32/rombuild/syborg/core/ecom-0-0.spi'
DeleteFile: `/epoc32/rombuild/syborg/core/ecom-0-1.s01'
DeleteFile: `/epoc32/rombuild/syborg/core/syborg_core_bldromplugin.log'
Creating Core (ROM) SOS image
ChangeDir: `/epoc32/rombuild/syborg/core'
RunSystemCmd(/epoc32/rombuild/syborg/core): `buildrom -loglevel1 -v -nosymbols -D_IMAGE_TYPE_CORE -D_IMAGE_TYPE_RND -D_EABI=ARMV5 -IM:/epoc32/tools/rom/../../rom/include/core/mw -IM:/epoc32/tools/rom/../../rom/include/core/app -DSYBORG -es60ibymacros -elocalise -DSECTION -fm=\epoc32\rom\include\featuredatabase.xml -osyborg.img -IM:/epoc32/rom/config -IM:/epoc32/rom /epoc32/rombuild/syborg/core/syborg_core_master.oby'
>>>[START]=========8<==========8<==========8<==========8<==========8<==========

M:\epoc32\rombuild\syborg\core>setlocal

M:\epoc32\rombuild\syborg\core>perl -S buildrom.pl -loglevel1 -v -nosymbols -D_IMAGE_TYPE_CORE -D_IMAGE_TYPE_RND -D_EABI=ARMV5 -IM:/epoc32/tools/rom/../../rom/include/core/mw -IM:/epoc32/tools/rom/../../rom/include/core/app -DSYBORG -es60ibymacros -elocalise -DSECTION -fm=\epoc32\rom\include\featuredatabase.xml -osyborg.img -IM:/epoc32/rom/config -IM:/epoc32/rom /epoc32/rombuild/syborg/core/syborg_core_master.oby 
defined(%hash) is deprecated at M:\epoc32\tools\/E32Plat.pm line 401.
	(Maybe you should just omit the defined()?)
defined(%hash) is deprecated at M:\epoc32\tools\/E32Plat.pm line 451.
	(Maybe you should just omit the defined()?)
defined(%hash) is deprecated at M:\epoc32\tools\/E32Plat.pm line 591.
	(Maybe you should just omit the defined()?)
defined(@array) is deprecated at M:\epoc32\tools\/buildrom.pm line 3144.
	(Maybe you should just omit the defined()?)
defined(@array) is deprecated at M:\epoc32\tools\/buildrom.pm line 3170.
	(Maybe you should just omit the defined()?)
defined(@array) is deprecated at M:\epoc32\tools\/buildrom.pm line 3223.
	(Maybe you should just omit the defined()?)
* cpp -o tmp1.oby -nostdinc -undef -D_IMAGE_TYPE_CORE -D_IMAGE_TYPE_RND -D_EABI=ARMV5 -IM:/epoc32/tools/rom/../../rom/include/core/mw -IM:/epoc32/tools/rom/../../rom/include/core/app -DSYBORG -DSECTION -IM:/epoc32/rom/config -IM:/epoc32/rom -I "..\..\..\include\" -include "..\..\..\include\bldvariant.hrh" -DROM_FEATURE_MANAGEMENT  -I. -I../../../../epoc32/rom/include
In file included from syborg_core_collected.oby:898,
                 from /epoc32/rombuild/syborg/core/syborg_core_master.oby:35:
../../../rom/include/core/mw/qt.iby:6: warning: #warning ("qt.iby: hack - BINARY_SELECTION_ORDER really needs to be at the baseport/device level as it depends on the device type");
* reading /epoc32/rombuild/syborg/core/syborg_core_master.oby
override.pm: Initializing; logfile = `/epoc32/rombuild/syborg/core/syborg_core_bldromplugin.log', debug = 0
obyparse.pm: Initializing; logfile = `/epoc32/rombuild/syborg/core/syborg_core_bldromplugin.log', debug = 0
configpaging.pm: Initializing with configpaging_stressed.cfg
ERROR: Invalid patchable value at "PlatformEnv.dll@KDriveInfoDefaultRemovableMassStorage FF_DEFAULT_REMOVABLE_MASS_STORAGE"
ERROR: Invalid patchable value at "PlatformEnv.dll@KDriveInfoLogicallyRemovableDrive1 FF_LOGICALLY_REMOVABLE_DRIVE1"
ERROR: Invalid patchable value at "PlatformEnv.dll@KDriveInfoUsbDrivesStart FF_USB_DRIVE_START"
* Writing tmp2.oby - result of substitution phase
* Writing tmp3.oby - result of reorganisation phase
* Invalid image file name: \epoc32\data\Z\resource/apps\CSC.mbm or .mif
* Invalid image file name: \epoc32\data\Z\resource/apps\DevEncUi.mbm or .mif
* Invalid image file name: \epoc32\data\Z\resource/apps\DevEncUi.mbm or .mif
* Invalid image file name: \epoc32\data\Z\resource/apps\evthandlerapp.mbm or .mif
* Writing tmp4.oby - result of Plugin stage
* No language codes specified, defaulting to 01
Converting >\epoc32\data\Z\Resource\fstokenserver.R01< to RSC
Converting >\epoc32\data\Z\Resource\logeng\logwrap.R01< to RSC
Converting >\epoc32\data\Z\Resource\charconv\builtin.R01< to RSC
Converting >\epoc32\data\Z\resource\messaging\smss.R01< to RSC
Converting >\epoc32\data\Z\resource\messaging\wappstr.R01< to RSC
Converting >\epoc32\data\Z\Resource\charconv\gb2312.R01< to RSC
Converting >\epoc32\data\Z\Resource\charconv\hz.R01< to RSC
Converting >\epoc32\data\Z\Resource\charconv\gbk.R01< to RSC
Converting >\epoc32\data\Z\Resource\charconv\gb18030.R01< to RSC
Converting >\epoc32\data\Z\Resource\charconv\gb12345.R01< to RSC
Converting >\epoc32\data\Z\Resource\charconv\big5.R01< to RSC
Converting >\epoc32\data\Z\Resource\charconv\shiftjis.R01< to RSC
Converting >\epoc32\data\Z\Resource\charconv\iso2022jp.R01< to RSC
Converting >\epoc32\data\Z\Resource\charconv\iso2022jp1.R01< to RSC
Converting >\epoc32\data\Z\Resource\charconv\jis.R01< to RSC
Converting >\epoc32\data\Z\Resource\charconv\eucjp_packed.R01< to RSC
Converting >\epoc32\data\Z\Resource\charconv\j5.R01< to RSC
Converting >\epoc32\data\Z\Resource\charconv\iso88592.R01< to RSC
Converting >\epoc32\data\Z\Resource\charconv\iso88593.R01< to RSC
Converting >\epoc32\data\Z\Resource\charconv\iso88594.R01< to RSC
Converting >\epoc32\data\Z\Resource\charconv\iso88595.R01< to RSC
Converting >\epoc32\data\Z\Resource\charconv\iso88596.R01< to RSC
Converting >\epoc32\data\Z\Resource\charconv\iso88597.R01< to RSC
Converting >\epoc32\data\Z\Resource\charconv\iso88598.R01< to RSC
Converting >\epoc32\data\Z\Resource\charconv\iso88599.R01< to RSC
Converting >\epoc32\data\Z\Resource\charconv\iso885910.R01< to RSC
Converting >\epoc32\data\Z\Resource\charconv\iso885913.R01< to RSC
Converting >\epoc32\data\Z\Resource\charconv\iso885914.R01< to RSC
Converting >\epoc32\data\Z\Resource\charconv\iso885915.R01< to RSC
Converting >\epoc32\data\Z\Resource\charconv\cp850.R01< to RSC
Converting >\epoc32\data\Z\Resource\charconv\extended_sms_7bit.R01< to RSC
Converting >\epoc32\data\Z\Resource\charconv\gsm7_turkish_single.R01< to RSC
Converting >\epoc32\data\Z\Resource\charconv\turkish_locking_gsm7ext.R01< to RSC
Converting >\epoc32\data\Z\Resource\charconv\turkish_locking_single.R01< to RSC
Converting >\epoc32\data\Z\Resource\charconv\spanish_gsm7_single.R01< to RSC
Converting >\epoc32\data\Z\Resource\charconv\portuguese_gsm7_single.R01< to RSC
Converting >\epoc32\data\Z\Resource\charconv\portuguese_locking_gsm7ext.R01< to RSC
Converting >\epoc32\data\Z\Resource\charconv\portuguese_locking_single.R01< to RSC
Converting >\epoc32\data\Z\Resource\charconv\win949.R01< to RSC
Converting >\epoc32\data\Z\Resource\charconv\EUCKR.R01< to RSC
Converting >\epoc32\data\Z\Resource\charconv\iscii.R01< to RSC
Converting >\epoc32\data\Z\Resource\charconv\iso2022kr.R01< to RSC
Converting >\epoc32\data\Z\Resource\charconv\KOI8R.R01< to RSC
Converting >\epoc32\data\Z\Resource\charconv\KOI8U.R01< to RSC
Converting >\epoc32\data\Z\Resource\charconv\ksc5601.R01< to RSC
Converting >\epoc32\data\Z\Resource\charconv\TIS_620.R01< to RSC
Converting >\epoc32\data\Z\Resource\charconv\win1250.R01< to RSC
Converting >\epoc32\data\Z\Resource\charconv\win1251.R01< to RSC
Converting >\epoc32\data\Z\Resource\charconv\win1253.R01< to RSC
Converting >\epoc32\data\Z\Resource\charconv\win1254.R01< to RSC
Converting >\epoc32\data\Z\Resource\charconv\win1255.R01< to RSC
Converting >\epoc32\data\Z\Resource\charconv\win1256.R01< to RSC
Converting >\epoc32\data\Z\Resource\charconv\win1257.R01< to RSC
Converting >\epoc32\data\Z\Resource\charconv\win1258.R01< to RSC
Converting >\epoc32\data\Z\Resource\charconv\win874.R01< to RSC
Converting >\epoc32\data\Z\Resource\charconv\ucs2.R01< to RSC
Converting >\epoc32\data\Z\Resource\ERRORS\ErrorRes.R01< to RSC
Converting >\epoc32\data\Z\RESOURCE\messaging\wappushunknown.R01< to RSC
Converting >\epoc32\data\Z\Resource\swtlstokentype.R01< to RSC
Converting >\epoc32\data\Z\Resource\TlsCacheServer\TlsCacheTimeouts.R01< to RSC
Converting >\epoc32\data\Z\private\10205C44\SSCForStartupMode0_target.R01< to RSC
Converting >\epoc32\data\Z\resource\defaultbeep.R01< to RSC
* Writing tmp5.oby - result of choosing language-specific files
Created ecom-0-0.spi
Created ecom-0-1.s01
* Writing tmp6.oby - result of SPI stage
override.pm: ------------------------------------------------------------------
No override entries found
override.pm: Duration: 0 seconds ----------------------------------------------
obyparse.pm: ------------------------------------------------------------------
Reading UDEB files
`/epoc32/rombuild/mytraces.txt'
Found 0 entries
obyparse.pm: Duration: 1 seconds ----------------------------------------------
configpaging.pm: Modifying demand paging configuration using \epoc32\rom\configpaging\configpaging_stressed.cfg
configpaging.pm: Modifying demand paging configuration using \epoc32\rom\configpaging\configpaging_stressed.cfg
..\..\..\..\epoc32\rom\include\csc_plugin.iby(3): Missing file: '\epoc32\release\ARMV5\urel\10286506.dll' in statement 'file='
	tried \epoc32\release\ARMV5\urel\10286506.dll \epoc32\release\ARMV6\urel\10286506.dll \epoc32\release\ARMV5\urel\10286506.dll \epoc32\release\armv5\urel\10286506.dll
..\..\..\..\epoc32\rom\include\httpservicetest.iby(1): Missing file: '\epoc32\release\ARMV5\urel\httpserviceapitest.exe' in statement 'file='
	tried \epoc32\release\ARMV5\urel\httpserviceapitest.exe \epoc32\release\ARMV6\urel\httpserviceapitest.exe \epoc32\release\ARMV5\urel\httpserviceapitest.exe \epoc32\release\armv5\urel\httpserviceapitest.exe
..\..\..\..\epoc32\rom\include\httpservicetest.iby(2): Missing file: '\epoc32\data\c\testdata\scripts\httpserviceapitest.script' in statement 'data='
	tried \epoc32\data\c\testdata\scripts\httpserviceapitest.script \ARMV6\ \ARMV5\
..\..\..\..\epoc32\rom\include\httpservicetest.iby(3): Missing file: '\epoc32\data\z\testdata\configs\ethernetced_httpserviceapi.xml' in statement 'data='
	tried \epoc32\data\z\testdata\configs\ethernetced_httpserviceapi.xml \ARMV6\ \ARMV5\
..\..\..\..\epoc32\rom\include\httpservicetest.iby(4): Missing file: '\epoc32\data\z\httptest\httpservicetest\httpclient.ini' in statement 'data='
	tried \epoc32\data\z\httptest\httpservicetest\httpclient.ini \ARMV6\ \ARMV5\
..\..\..\..\epoc32\rom\include\httpservicetest.iby(5): Missing file: '\epoc32\data\z\httptest\httpservicetest\testdl.txt' in statement 'data='
	tried \epoc32\data\z\httptest\httpservicetest\testdl.txt \ARMV6\ \ARMV5\
..\..\..\..\epoc32\rom\include\httpservicetest.iby(6): Missing file: '\epoc32\data\z\httptest\httpservicetest\testdl2.txt' in statement 'data='
	tried \epoc32\data\z\httptest\httpservicetest\testdl2.txt \ARMV6\ \ARMV5\
..\..\..\..\epoc32\rom\include\NetCfgExtnBase.iby(21): Missing file: '\epoc32\release\ARMV5\urel\NetCfgExtnBase.dll' in statement 'file='
	tried \epoc32\release\ARMV5\urel\NetCfgExtnBase.dll \epoc32\release\ARMV6\urel\NetCfgExtnBase.dll \epoc32\release\ARMV5\urel\NetCfgExtnBase.dll \epoc32\release\armv5\urel\NetCfgExtnBase.dll
..\..\..\..\epoc32\rom\include\S60CenRep_variant.iby(31): Missing file: '\epoc32\data\Z\private\10202BE9\10281FAB.txt' in statement 'data='
	tried \epoc32\data\Z\private\10202BE9\10281FAB.txt \ARMV6\ \ARMV5\
..\..\..\..\epoc32\rom\include\S60CenRep_variant.iby(65): Missing file: '\epoc32\data\Z\private\10202BE9\10285abc.txt' in statement 'data='
	tried \epoc32\data\Z\private\10202BE9\10285abc.txt \ARMV6\ \ARMV5\
..\..\..\..\epoc32\rom\include\S60CenRep_variant.iby(74): Missing file: '\epoc32\data\Z\private\10202BE9\101F87A1.txt' in statement 'data='
	tried \epoc32\data\Z\private\10202BE9\101F87A1.txt \ARMV6\ \ARMV5\
..\..\..\..\epoc32\rom\include\S60CenRep_variant.iby(83): Missing file: '\epoc32\data\Z\private\10202BE9\2001ea7f.txt' in statement 'data='
	tried \epoc32\data\Z\private\10202BE9\2001ea7f.txt \ARMV6\ \ARMV5\
..\..\..\..\epoc32\rom\include\S60CenRep_variant.iby(104): Missing file: '\epoc32\data\Z\private\10202BE9\10285abe.txt' in statement 'data='
	tried \epoc32\data\Z\private\10202BE9\10285abe.txt \ARMV6\ \ARMV5\
..\..\..\..\epoc32\rom\include\S60CenRep_variant.iby(184): Missing file: '\epoc32\data\Z\private\10202BE9\102869c7.txt' in statement 'data='
	tried \epoc32\data\Z\private\10202BE9\102869c7.txt \ARMV6\ \ARMV5\
..\..\..\..\epoc32\rom\include\S60CenRep_variant.iby(185): Missing file: '\epoc32\data\Z\private\10202BE9\10283137.txt' in statement 'data='
	tried \epoc32\data\Z\private\10202BE9\10283137.txt \ARMV6\ \ARMV5\
..\..\..\..\epoc32\rom\include\S60CenRep_variant.iby(216): Missing file: '\epoc32\data\Z\private\10202BE9\10275104.txt' in statement 'data='
	tried \epoc32\data\Z\private\10202BE9\10275104.txt \ARMV6\ \ARMV5\
..\..\..\..\epoc32\rom\include\S60CenRep_variant.iby(316): Missing file: '\epoc32\data\Z\private\10202BE9\10281F9F.txt' in statement 'data='
	tried \epoc32\data\Z\private\10202BE9\10281F9F.txt \ARMV6\ \ARMV5\
..\..\..\..\epoc32\rom\include\sysstartconfig.iby(46): Missing file: '\epoc32\data\Z\private\10205C44\SSCForStartupMode0_target.RSC' in statement 'data='
	tried \epoc32\data\Z\private\10205C44\SSCForStartupMode0_target.RSC \ARMV6\ \ARMV5\
..\..\..\..\epoc32\rom\include\wrapperutilsplugin.iby(1): Missing file: '\epoc32\release\ARMV5\urel\wrapperutilsplugin5.dll' in statement 'file='
	tried \epoc32\release\ARMV5\urel\wrapperutilsplugin5.dll \epoc32\release\ARMV6\urel\wrapperutilsplugin5.dll \epoc32\release\ARMV5\urel\wrapperutilsplugin5.dll \epoc32\release\armv5\urel\wrapperutilsplugin5.dll
..\..\..\..\epoc32\rom\include\tiger.iby(2): Missing file: '\epoc32\data\Z\resource/apps\tiger_AIF.MIF' in statement 'data='
	tried \epoc32\data\Z\resource/apps\tiger_AIF.MIF \ARMV6\ \ARMV5\
..\..\..\..\epoc32\rom\include\wfcinterop_tests.iby(2): Missing file: '\epoc32\release\ARMV5\urel\openwfcstreamoptestserver.exe' in statement 'file='
	tried \epoc32\release\ARMV5\urel\openwfcstreamoptestserver.exe \epoc32\release\ARMV6\urel\openwfcstreamoptestserver.exe \epoc32\release\ARMV5\urel\openwfcstreamoptestserver.exe \epoc32\release\armv5\urel\openwfcstreamoptestserver.exe
..\..\..\..\epoc32\rom\include\wfcinterop_tests.iby(3): Missing file: '\epoc32\data\Z\wfctest\tstreamoperation.script' in statement 'data='
	tried \epoc32\data\Z\wfctest\tstreamoperation.script \ARMV6\ \ARMV5\
..\..\..\rom\config\sf_refhw\bigrom.oby(1223): Missing file: '\epoc32\data\Z\private\10202BE9\200159c9.cre' in statement 'data='
	tried \epoc32\data\Z\private\10202BE9\200159c9.cre \ARMV6\ \ARMV5\
..\..\..\rom\include\core\app\fmradioengine.iby(25): Missing file: '\epoc32\data\Z\Private\10202BE9\2001B25E.txt' in statement 'data='
	tried \epoc32\data\Z\Private\10202BE9\2001B25E.txt \ARMV6\ \ARMV5\
M:\epoc32\tools\rom\..\..\rom\include\core\mw\alfred.iby(179): Missing file: '\epoc32\release\ARMV5\urel\bga_reference_plugin.dll' in statement 'file='
	tried \epoc32\release\ARMV5\urel\bga_reference_plugin.dll \epoc32\release\ARMV6\urel\bga_reference_plugin.dll \epoc32\release\ARMV5\urel\bga_reference_plugin.dll \epoc32\release\armv5\urel\bga_reference_plugin.dll
..\..\..\rom\include\core\app\ImageEditor.iby(1): Missing file: '\epoc32\release\ARMV5\urel\ImageEditor.exe' in statement 'file='
	tried \epoc32\release\ARMV5\urel\ImageEditor.exe \epoc32\release\ARMV6\urel\ImageEditor.exe \epoc32\release\ARMV5\urel\ImageEditor.exe \epoc32\release\armv5\urel\ImageEditor.exe
..\..\..\rom\include\core\app\java.iby(110): Missing file: '\epoc32\release\ARMV5\urel\z\resource\java\jvm\bin\java.properties' in statement 'data='
	tried \epoc32\release\ARMV5\urel\z\resource\java\jvm\bin\java.properties \epoc32\release\ARMV6\urel\z\resource\java\jvm\bin\java.properties \epoc32\release\ARMV5\urel\z\resource\java\jvm\bin\java.properties \epoc32\release\armv5\urel\z\resource\java\jvm\bin\java.properties
..\..\..\rom\include\core\app\java.iby(111): Missing file: '\epoc32\release\ARMV5\urel\z\resource\java\jvm\lib\security\java.policy' in statement 'data='
	tried \epoc32\release\ARMV5\urel\z\resource\java\jvm\lib\security\java.policy \epoc32\release\ARMV6\urel\z\resource\java\jvm\lib\security\java.policy \epoc32\release\ARMV5\urel\z\resource\java\jvm\lib\security\java.policy \epoc32\release\armv5\urel\z\resource\java\jvm\lib\security\java.policy
..\..\..\rom\include\core\app\java.iby(112): Missing file: '\epoc32\release\ARMV5\urel\z\resource\java\jvm\lib\security\java.security' in statement 'data='
	tried \epoc32\release\ARMV5\urel\z\resource\java\jvm\lib\security\java.security \epoc32\release\ARMV6\urel\z\resource\java\jvm\lib\security\java.security \epoc32\release\ARMV5\urel\z\resource\java\jvm\lib\security\java.security \epoc32\release\armv5\urel\z\resource\java\jvm\lib\security\java.security
..\..\..\rom\include\core\app\podcatcher.iby(3): Missing file: '\epoc32\data\Z\Resource\apps\podcast.rsc' in statement 'data='
	tried \epoc32\data\Z\Resource\apps\podcast.rsc \ARMV6\ \ARMV5\
..\..\..\rom\include\core\app\podcatcher.iby(7): Missing file: '\epoc32\data\Z\Private\A0009D00\backup_registration.xml' in statement 'data='
	tried \epoc32\data\Z\Private\A0009D00\backup_registration.xml \ARMV6\ \ARMV5\
..\..\..\rom\include\core\app\srsf.iby(17): Missing file: '\epoc32\data\Z\Private\102818E7\locationvoicecommands.xml' in statement 'data='
	tried \epoc32\data\Z\Private\102818E7\locationvoicecommands.xml \ARMV6\ \ARMV5\
..\..\..\rom\include\core\mw\AknLayout2_nhd.iby(3): Missing file: '\epoc32\release\ARMV5\urel\10281f13.dll' in statement 'file='
	tried \epoc32\release\ARMV5\urel\10281f13.dll \epoc32\release\ARMV6\urel\10281f13.dll \epoc32\release\ARMV5\urel\10281f13.dll \epoc32\release\armv5\urel\10281f13.dll
..\..\..\rom\include\core\mw\AknLayout2_nhd.iby(3): Missing file: '\epoc32\data\Z\resource\cdl\10281f13_cdl_detail.rsc' in statement 'data='
	tried \epoc32\data\Z\resource\cdl\10281f13_cdl_detail.rsc \ARMV6\ \ARMV5\
..\..\..\rom\include\core\mw\AknLayout2_UiAccel_nhd.iby(3): Missing file: '\epoc32\release\ARMV5\urel\2001CB5B.dll' in statement 'file='
	tried \epoc32\release\ARMV5\urel\2001CB5B.dll \epoc32\release\ARMV6\urel\2001CB5B.dll \epoc32\release\ARMV5\urel\2001CB5B.dll \epoc32\release\armv5\urel\2001CB5B.dll
..\..\..\rom\include\core\mw\AknLayout2_UiAccel_nhd.iby(3): Missing file: '\epoc32\data\Z\resource\cdl\2001CB5B_cdl_detail.rsc' in statement 'data='
	tried \epoc32\data\Z\resource\cdl\2001CB5B_cdl_detail.rsc \ARMV6\ \ARMV5\
..\..\..\rom\include\core\mw\aknskins.iby(22): Missing file: '\epoc32\data\Z\resource\skins\101f84b9\101f84b9.sel' in statement 'DATA='
	tried \epoc32\data\Z\resource\skins\101f84b9\101f84b9.sel \ARMV6\ \ARMV5\
..\..\..\rom\include\core\mw\mds.iby(76): Missing file: '\epoc32\data\Z\System\install\locationmanagerclient_stub.sis' in statement 'data='
	tried \epoc32\data\Z\System\install\locationmanagerclient_stub.sis \ARMV6\ \ARMV5\
..\..\..\rom\include\core\mw\mds.iby(77): Missing file: '\epoc32\data\Z\System\install\locationtrail_stub.sis' in statement 'data='
	tried \epoc32\data\Z\System\install\locationtrail_stub.sis \ARMV6\ \ARMV5\
..\..\..\rom\include\core\mw\mds.iby(78): Missing file: '\epoc32\data\Z\System\install\locationmanagerserver_stub.sis' in statement 'data='
	tried \epoc32\data\Z\System\install\locationmanagerserver_stub.sis \ARMV6\ \ARMV5\
..\..\..\rom\include\core\mw\mds.iby(79): Missing file: '\epoc32\data\Z\System\install\ReverseGeocode_stub.sis' in statement 'data='
	tried \epoc32\data\Z\System\install\ReverseGeocode_stub.sis \ARMV6\ \ARMV5\
..\..\..\rom\include\core\mw\mds.iby(80): Missing file: '\epoc32\data\Z\System\install\ReverseGeoCoderPlugin_stub.sis' in statement 'data='
	tried \epoc32\data\Z\System\install\ReverseGeoCoderPlugin_stub.sis \ARMV6\ \ARMV5\
..\..\..\rom\include\core\mw\mds.iby(81): Missing file: '\epoc32\data\Z\System\install\tagcreator_stub.sis' in statement 'data='
	tried \epoc32\data\Z\System\install\tagcreator_stub.sis \ARMV6\ \ARMV5\
..\..\..\rom\include\core\mw\mds.iby(82): Missing file: '\epoc32\data\Z\System\install\geotagger_stub.sis' in statement 'data='
	tried \epoc32\data\Z\System\install\geotagger_stub.sis \ARMV6\ \ARMV5\
..\..\..\rom\include\core\mw\mds.iby(83): Missing file: '\epoc32\data\Z\System\install\geoconverter_stub.sis' in statement 'data='
	tried \epoc32\data\Z\System\install\geoconverter_stub.sis \ARMV6\ \ARMV5\
..\..\..\rom\include\core\mw\mtp_symbian_temp.iby(87): Missing file: '\epoc32\release\ARMV5\urel\mtpstatusservice.dll' in statement 'file='
	tried \epoc32\release\ARMV5\urel\mtpstatusservice.dll \epoc32\release\ARMV6\urel\mtpstatusservice.dll \epoc32\release\ARMV5\urel\mtpstatusservice.dll \epoc32\release\armv5\urel\mtpstatusservice.dll
..\..\..\rom\include\core\mw\mtp_symbian_temp.iby(87): Missing file: '\epoc32\data\Z\resource\mtp\2001a97f.rsc' in statement 'data='
	tried \epoc32\data\Z\resource\mtp\2001a97f.rsc \ARMV6\ \ARMV5\
..\..\..\rom\include\core\mw\mtp_symbian_temp.iby(89): Missing file: '\epoc32\release\ARMV5\urel\mtpmetadataservice.dll' in statement 'file='
	tried \epoc32\release\ARMV5\urel\mtpmetadataservice.dll \epoc32\release\ARMV6\urel\mtpmetadataservice.dll \epoc32\release\ARMV5\urel\mtpmetadataservice.dll \epoc32\release\armv5\urel\mtpmetadataservice.dll
..\..\..\rom\include\core\mw\mtp_symbian_temp.iby(89): Missing file: '\epoc32\data\Z\resource\mtp\2001A9A3.rsc' in statement 'data='
	tried \epoc32\data\Z\resource\mtp\2001A9A3.rsc \ARMV6\ \ARMV5\
..\..\..\rom\include\core\mw\mtp_symbian_temp.iby(91): Missing file: '\epoc32\release\ARMV5\urel\mtpwmpextndp.dll' in statement 'file='
	tried \epoc32\release\ARMV5\urel\mtpwmpextndp.dll \epoc32\release\ARMV6\urel\mtpwmpextndp.dll \epoc32\release\ARMV5\urel\mtpwmpextndp.dll \epoc32\release\armv5\urel\mtpwmpextndp.dll
..\..\..\rom\include\core\mw\mtp_symbian_temp.iby(91): Missing file: '\epoc32\data\Z\resource\mtp\1028716c.rsc' in statement 'data='
	tried \epoc32\data\Z\resource\mtp\1028716c.rsc \ARMV6\ \ARMV5\
..\..\..\rom\include\core\mw\mtp_symbian_temp.iby(148): Missing file: '\epoc32\release\ARMV5\urel\mtppimproxy.dll' in statement 'file='
	tried \epoc32\release\ARMV5\urel\mtppimproxy.dll \epoc32\release\ARMV6\urel\mtppimproxy.dll \epoc32\release\ARMV5\urel\mtppimproxy.dll \epoc32\release\armv5\urel\mtppimproxy.dll
..\..\..\rom\include\core\mw\mtp_symbian_temp.iby(150): Missing file: '\epoc32\release\ARMV5\urel\mtpcalendardp.dll' in statement 'file='
	tried \epoc32\release\ARMV5\urel\mtpcalendardp.dll \epoc32\release\ARMV6\urel\mtpcalendardp.dll \epoc32\release\ARMV5\urel\mtpcalendardp.dll \epoc32\release\armv5\urel\mtpcalendardp.dll
..\..\..\rom\include\core\mw\mtp_symbian_temp.iby(150): Missing file: '\epoc32\data\Z\resource\mtp\102871B8.rsc' in statement 'data='
	tried \epoc32\data\Z\resource\mtp\102871B8.rsc \ARMV6\ \ARMV5\
..\..\..\rom\include\core\mw\mtp_symbian_temp.iby(152): Missing file: '\epoc32\release\ARMV5\urel\mtptaskdp.dll' in statement 'file='
	tried \epoc32\release\ARMV5\urel\mtptaskdp.dll \epoc32\release\ARMV6\urel\mtptaskdp.dll \epoc32\release\ARMV5\urel\mtptaskdp.dll \epoc32\release\armv5\urel\mtptaskdp.dll
..\..\..\rom\include\core\mw\mtp_symbian_temp.iby(152): Missing file: '\epoc32\data\Z\resource\mtp\10287013.rsc' in statement 'data='
	tried \epoc32\data\Z\resource\mtp\10287013.rsc \ARMV6\ \ARMV5\
..\..\..\rom\include\core\mw\mtp_symbian_temp.iby(154): Missing file: '\epoc32\release\ARMV5\urel\mtpcontactdp.dll' in statement 'file='
	tried \epoc32\release\ARMV5\urel\mtpcontactdp.dll \epoc32\release\ARMV6\urel\mtpcontactdp.dll \epoc32\release\ARMV5\urel\mtpcontactdp.dll \epoc32\release\armv5\urel\mtpcontactdp.dll
..\..\..\rom\include\core\mw\mtp_symbian_temp.iby(154): Missing file: '\epoc32\data\Z\resource\mtp\102872bd.rsc' in statement 'data='
	tried \epoc32\data\Z\resource\mtp\102872bd.rsc \ARMV6\ \ARMV5\
..\..\..\rom\include\core\mw\mtp_symbian_temp.iby(155): Missing file: '\epoc32\data\Z\resource\apps\mtpcontactviewdefinition.rsc' in statement 'data='
	tried \epoc32\data\Z\resource\apps\mtpcontactviewdefinition.rsc \ARMV6\ \ARMV5\
..\..\..\rom\include\core\mw\qt.iby(29): Missing file: '\epoc32\release\ARMV5\urel\qaudio.dll' in statement 'file='
	tried \epoc32\release\ARMV5\urel\qaudio.dll \epoc32\release\ARMV6\urel\qaudio.dll \epoc32\release\ARMV5\urel\qaudio.dll \epoc32\release\armv5\urel\qaudio.dll
..\..\..\rom\include\core\mw\qt.iby(30): Missing file: '\epoc32\release\ARMV5\urel\qvggraphicssystem.dll' in statement 'file='
	tried \epoc32\release\ARMV5\urel\qvggraphicssystem.dll \epoc32\release\ARMV6\urel\qvggraphicssystem.dll \epoc32\release\ARMV5\urel\qvggraphicssystem.dll \epoc32\release\armv5\urel\qvggraphicssystem.dll
..\..\..\rom\include\core\mw\qt.iby(44): Missing file: '\epoc32\data\qt\qtlibspluginstubs\qaudio.qtplugin' in statement 'data='
	tried \epoc32\data\qt\qtlibspluginstubs\qaudio.qtplugin \ARMV6\ \ARMV5\
..\..\..\rom\include\core\mw\usbotgwatcher.iby(2): Missing file: '\epoc32\release\ARMV5\urel\errrd' in statement 'file='
	tried \epoc32\release\ARMV5\urel\errrd \epoc32\release\ARMV6\urel\errrd \epoc32\release\ARMV5\urel\errrd \epoc32\release\armv5\urel\errrd
..\..\..\rom\include\customer\mw\fonts_variant.iby(100): Missing file: '\epoc32\release\ARMV5\urel\s60snr.ttf' in statement 'data='
	tried \epoc32\release\ARMV5\urel\s60snr.ttf \epoc32\release\ARMV6\urel\s60snr.ttf \epoc32\release\ARMV5\urel\s60snr.ttf \epoc32\release\armv5\urel\s60snr.ttf
..\..\..\rom\include\customer\mw\fonts_variant.iby(101): Missing file: '\epoc32\release\ARMV5\urel\s60ssb.ttf' in statement 'data='
	tried \epoc32\release\ARMV5\urel\s60ssb.ttf \epoc32\release\ARMV6\urel\s60ssb.ttf \epoc32\release\ARMV5\urel\s60ssb.ttf \epoc32\release\armv5\urel\s60ssb.ttf
..\..\..\rom\include\customer\mw\fonts_variant.iby(102): Missing file: '\epoc32\release\ARMV5\urel\s60tsb.ttf' in statement 'data='
	tried \epoc32\release\ARMV5\urel\s60tsb.ttf \epoc32\release\ARMV6\urel\s60tsb.ttf \epoc32\release\ARMV5\urel\s60tsb.ttf \epoc32\release\armv5\urel\s60tsb.ttf
..\..\..\rom\include\customer\mw\fonts_variant.iby(103): Missing file: '\epoc32\release\ARMV5\urel\S60ZDIGI.ttf' in statement 'data='
	tried \epoc32\release\ARMV5\urel\S60ZDIGI.ttf \epoc32\release\ARMV6\urel\S60ZDIGI.ttf \epoc32\release\ARMV5\urel\S60ZDIGI.ttf \epoc32\release\armv5\urel\S60ZDIGI.ttf
..\..\..\rom\include\customer\mw\rfs_variant.iby(1): Missing file: '\epoc32\data\Z\Private\100059C9\cenrep_rfs.txt' in statement 'data='
	tried \epoc32\data\Z\Private\100059C9\cenrep_rfs.txt \ARMV6\ \ARMV5\
..\..\..\rom\include\customervariant\app\qtdemoapps.iby(40): Missing file: '\epoc32\release\ARMV5\urel\standarddialogs.exe' in statement 'file='
	tried \epoc32\release\ARMV5\urel\standarddialogs.exe \epoc32\release\ARMV6\urel\standarddialogs.exe \epoc32\release\ARMV5\urel\standarddialogs.exe \epoc32\release\armv5\urel\standarddialogs.exe
..\..\..\rom\include\customervariant\app\qtdemoapps.iby(41): Missing file: '\epoc32\data\Z\resource/apps\standarddialogs.RSC' in statement 'data='
	tried \epoc32\data\Z\resource/apps\standarddialogs.RSC \ARMV6\ \ARMV5\
..\..\..\rom\include\customervariant\app\qtdemoapps.iby(42): Missing file: '\epoc32\data\Z\private\10003a3f\import\Apps\standarddialogs_reg.rsc' in statement 'data='
	tried \epoc32\data\Z\private\10003a3f\import\Apps\standarddialogs_reg.rsc \ARMV6\ \ARMV5\
..\..\..\rom\include\customervariant\app\qtdemoapps.iby(46): Missing file: '\epoc32\release\ARMV5\urel\gradients.exe' in statement 'file='
	tried \epoc32\release\ARMV5\urel\gradients.exe \epoc32\release\ARMV6\urel\gradients.exe \epoc32\release\ARMV5\urel\gradients.exe \epoc32\release\armv5\urel\gradients.exe
..\..\..\rom\include\customervariant\app\qtdemoapps.iby(47): Missing file: '\epoc32\data\Z\resource/apps\gradients.RSC' in statement 'data='
	tried \epoc32\data\Z\resource/apps\gradients.RSC \ARMV6\ \ARMV5\
..\..\..\rom\include\customervariant\app\qtdemoapps.iby(48): Missing file: '\epoc32\data\Z\private\10003a3f\import\Apps\gradients_reg.rsc' in statement 'data='
	tried \epoc32\data\Z\private\10003a3f\import\Apps\gradients_reg.rsc \ARMV6\ \ARMV5\
..\..\..\rom\include\customervariant\app\qtdemoapps.iby(58): Missing file: '\epoc32\release\ARMV5\urel\blurpicker.exe' in statement 'file='
	tried \epoc32\release\ARMV5\urel\blurpicker.exe \epoc32\release\ARMV6\urel\blurpicker.exe \epoc32\release\ARMV5\urel\blurpicker.exe \epoc32\release\armv5\urel\blurpicker.exe
..\..\..\rom\include\customervariant\app\qtdemoapps.iby(59): Missing file: '\epoc32\data\Z\resource/apps\blurpicker.RSC' in statement 'data='
	tried \epoc32\data\Z\resource/apps\blurpicker.RSC \ARMV6\ \ARMV5\
..\..\..\rom\include\customervariant\app\qtdemoapps.iby(60): Missing file: '\epoc32\data\Z\private\10003a3f\import\Apps\blurpicker_reg.rsc' in statement 'data='
	tried \epoc32\data\Z\private\10003a3f\import\Apps\blurpicker_reg.rsc \ARMV6\ \ARMV5\
..\..\..\rom\include\customervariant\app\qtdemoapps.iby(61): Missing file: '\epoc32\release\ARMV5\urel\knobs.exe' in statement 'file='
	tried \epoc32\release\ARMV5\urel\knobs.exe \epoc32\release\ARMV6\urel\knobs.exe \epoc32\release\ARMV5\urel\knobs.exe \epoc32\release\armv5\urel\knobs.exe
..\..\..\rom\include\customervariant\app\qtdemoapps.iby(62): Missing file: '\epoc32\data\Z\resource/apps\knobs.RSC' in statement 'data='
	tried \epoc32\data\Z\resource/apps\knobs.RSC \ARMV6\ \ARMV5\
..\..\..\rom\include\customervariant\app\qtdemoapps.iby(63): Missing file: '\epoc32\data\Z\private\10003a3f\import\Apps\knobs_reg.rsc' in statement 'data='
	tried \epoc32\data\Z\private\10003a3f\import\Apps\knobs_reg.rsc \ARMV6\ \ARMV5\
..\..\..\rom\include\customervariant\app\qtdemoapps.iby(70): Missing file: '\epoc32\release\ARMV5\urel\defaultprototypes.exe' in statement 'file='
	tried \epoc32\release\ARMV5\urel\defaultprototypes.exe \epoc32\release\ARMV6\urel\defaultprototypes.exe \epoc32\release\ARMV5\urel\defaultprototypes.exe \epoc32\release\armv5\urel\defaultprototypes.exe
..\..\..\rom\include\customervariant\app\qtdemoapps.iby(71): Missing file: '\epoc32\data\Z\resource/apps\defaultprototypes.RSC' in statement 'data='
	tried \epoc32\data\Z\resource/apps\defaultprototypes.RSC \ARMV6\ \ARMV5\
..\..\..\rom\include\customervariant\app\qtdemoapps.iby(72): Missing file: '\epoc32\data\Z\private\10003a3f\import\Apps\defaultprototypes_reg.rsc' in statement 'data='
	tried \epoc32\data\Z\private\10003a3f\import\Apps\defaultprototypes_reg.rsc \ARMV6\ \ARMV5\
..\..\..\rom\include\customervariant\app\qtdemoapps.iby(73): Missing file: '\epoc32\release\ARMV5\urel\queuedcustomtype.exe' in statement 'file='
	tried \epoc32\release\ARMV5\urel\queuedcustomtype.exe \epoc32\release\ARMV6\urel\queuedcustomtype.exe \epoc32\release\ARMV5\urel\queuedcustomtype.exe \epoc32\release\armv5\urel\queuedcustomtype.exe
..\..\..\rom\include\customervariant\app\qtdemoapps.iby(74): Missing file: '\epoc32\data\Z\resource/apps\queuedcustomtype.RSC' in statement 'data='
	tried \epoc32\data\Z\resource/apps\queuedcustomtype.RSC \ARMV6\ \ARMV5\
..\..\..\rom\include\customervariant\app\qtdemoapps.iby(75): Missing file: '\epoc32\data\Z\private\10003a3f\import\Apps\queuedcustomtype_reg.rsc' in statement 'data='
	tried \epoc32\data\Z\private\10003a3f\import\Apps\queuedcustomtype_reg.rsc \ARMV6\ \ARMV5\
..\..\..\..\epoc32\rom\include\OBEYFILE.iby(3): Missing file: '\epoc32\rom\include\OBEYFILE.oby' in statement 'data='
	tried \epoc32\rom\include\OBEYFILE.oby \ARMV6\ \ARMV5\
* Writing tmp7.oby - result of problem-suppression phase
* Writing tmp8.oby - result of bitmap conversion phase
* Removing previous image and logs...
* Writing tmp9.oby - result of cleaning phase
* Writing syborg.oby - final OBY file
* Writing syborg.dir - ROM directory listing
* Executing rombuild -slog  -loglevel1    -no-header -type-safe-link  syborg.oby
The number of processors (2) is used as the number of concurrent jobs.

ROMBUILD - Rom builder V2.14.0
Copyright (c) 1996-2009 Nokia Corporation.

WARNING: PagingOverride redefined - previous PagingOverride values lost
WARNING: CodePagingPolicy redefined - previous CodePagingPolicy values lost
WARNING: PagingOverride redefined - previous PagingOverride values lost
WARNING: CodePagingPolicy redefined - previous CodePagingPolicy values lost
WARNING: PagingOverride redefined - previous PagingOverride values lost
WARNING: PagingOverride redefined - previous PagingOverride values lost
WARNING: PagingOverride redefined - previous PagingOverride values lost
WARNING: File \epoc32\data\Z\private\102033E6\installer\inst_plugins.cfg does not exist or is 0 bytes in length.
WARNING: File \epoc32\data\Z\Resource\java\security\trustroots\midprootslist does not exist or is 0 bytes in length.

Writing uncompressed Rom image without header to file syborg.rom.img

 Volume in drive M is New Volume
 Volume Serial Number is 289E-B876

 Directory of M:\epoc32\rombuild\syborg\core

09/10/2010  15:47           860,139 syborg.dir
09/10/2010  15:47         5,708,171 syborg.log
09/10/2010  15:47           723,002 syborg.oby
09/10/2010  15:47       124,739,584 syborg.rom.img
               4 File(s)    132,030,896 bytes
               0 Dir(s)   9,649,045,504 bytes free
==========>8==========>8==========>8==========>8==========>8===01:00===[END]<<<

Missing file(s):
 1) ..\..\..\..\epoc32\rom\include\csc_plugin.iby(3): Missing file: '\epoc32\release\ARMV5\urel\10286506.dll' in statement 'file='
 2) ..\..\..\..\epoc32\rom\include\httpservicetest.iby(1): Missing file: '\epoc32\release\ARMV5\urel\httpserviceapitest.exe' in statement 'file='
 3) ..\..\..\..\epoc32\rom\include\httpservicetest.iby(2): Missing file: '\epoc32\data\c\testdata\scripts\httpserviceapitest.script' in statement 'data='
 4) ..\..\..\..\epoc32\rom\include\httpservicetest.iby(3): Missing file: '\epoc32\data\z\testdata\configs\ethernetced_httpserviceapi.xml' in statement 'data='
 5) ..\..\..\..\epoc32\rom\include\httpservicetest.iby(4): Missing file: '\epoc32\data\z\httptest\httpservicetest\httpclient.ini' in statement 'data='
 6) ..\..\..\..\epoc32\rom\include\httpservicetest.iby(5): Missing file: '\epoc32\data\z\httptest\httpservicetest\testdl.txt' in statement 'data='
 7) ..\..\..\..\epoc32\rom\include\httpservicetest.iby(6): Missing file: '\epoc32\data\z\httptest\httpservicetest\testdl2.txt' in statement 'data='
 8) ..\..\..\..\epoc32\rom\include\NetCfgExtnBase.iby(21): Missing file: '\epoc32\release\ARMV5\urel\NetCfgExtnBase.dll' in statement 'file='
 9) ..\..\..\..\epoc32\rom\include\S60CenRep_variant.iby(31): Missing file: '\epoc32\data\Z\private\10202BE9\10281FAB.txt' in statement 'data='
10) ..\..\..\..\epoc32\rom\include\S60CenRep_variant.iby(65): Missing file: '\epoc32\data\Z\private\10202BE9\10285abc.txt' in statement 'data='
11) ..\..\..\..\epoc32\rom\include\S60CenRep_variant.iby(74): Missing file: '\epoc32\data\Z\private\10202BE9\101F87A1.txt' in statement 'data='
12) ..\..\..\..\epoc32\rom\include\S60CenRep_variant.iby(83): Missing file: '\epoc32\data\Z\private\10202BE9\2001ea7f.txt' in statement 'data='
13) ..\..\..\..\epoc32\rom\include\S60CenRep_variant.iby(104): Missing file: '\epoc32\data\Z\private\10202BE9\10285abe.txt' in statement 'data='
14) ..\..\..\..\epoc32\rom\include\S60CenRep_variant.iby(184): Missing file: '\epoc32\data\Z\private\10202BE9\102869c7.txt' in statement 'data='
15) ..\..\..\..\epoc32\rom\include\S60CenRep_variant.iby(185): Missing file: '\epoc32\data\Z\private\10202BE9\10283137.txt' in statement 'data='
16) ..\..\..\..\epoc32\rom\include\S60CenRep_variant.iby(216): Missing file: '\epoc32\data\Z\private\10202BE9\10275104.txt' in statement 'data='
17) ..\..\..\..\epoc32\rom\include\S60CenRep_variant.iby(316): Missing file: '\epoc32\data\Z\private\10202BE9\10281F9F.txt' in statement 'data='
18) ..\..\..\..\epoc32\rom\include\sysstartconfig.iby(46): Missing file: '\epoc32\data\Z\private\10205C44\SSCForStartupMode0_target.RSC' in statement 'data='
19) ..\..\..\..\epoc32\rom\include\wrapperutilsplugin.iby(1): Missing file: '\epoc32\release\ARMV5\urel\wrapperutilsplugin5.dll' in statement 'file='
20) ..\..\..\..\epoc32\rom\include\tiger.iby(2): Missing file: '\epoc32\data\Z\resource/apps\tiger_AIF.MIF' in statement 'data='
21) ..\..\..\..\epoc32\rom\include\wfcinterop_tests.iby(2): Missing file: '\epoc32\release\ARMV5\urel\openwfcstreamoptestserver.exe' in statement 'file='
22) ..\..\..\..\epoc32\rom\include\wfcinterop_tests.iby(3): Missing file: '\epoc32\data\Z\wfctest\tstreamoperation.script' in statement 'data='
23) ..\..\..\rom\config\sf_refhw\bigrom.oby(1223): Missing file: '\epoc32\data\Z\private\10202BE9\200159c9.cre' in statement 'data='
24) ..\..\..\rom\include\core\app\fmradioengine.iby(25): Missing file: '\epoc32\data\Z\Private\10202BE9\2001B25E.txt' in statement 'data='
25) M:\epoc32\tools\rom\..\..\rom\include\core\mw\alfred.iby(179): Missing file: '\epoc32\release\ARMV5\urel\bga_reference_plugin.dll' in statement 'file='
26) ..\..\..\rom\include\core\app\ImageEditor.iby(1): Missing file: '\epoc32\release\ARMV5\urel\ImageEditor.exe' in statement 'file='
27) ..\..\..\rom\include\core\app\java.iby(110): Missing file: '\epoc32\release\ARMV5\urel\z\resource\java\jvm\bin\java.properties' in statement 'data='
28) ..\..\..\rom\include\core\app\java.iby(111): Missing file: '\epoc32\release\ARMV5\urel\z\resource\java\jvm\lib\security\java.policy' in statement 'data='
29) ..\..\..\rom\include\core\app\java.iby(112): Missing file: '\epoc32\release\ARMV5\urel\z\resource\java\jvm\lib\security\java.security' in statement 'data='
30) ..\..\..\rom\include\core\app\podcatcher.iby(3): Missing file: '\epoc32\data\Z\Resource\apps\podcast.rsc' in statement 'data='
31) ..\..\..\rom\include\core\app\podcatcher.iby(7): Missing file: '\epoc32\data\Z\Private\A0009D00\backup_registration.xml' in statement 'data='
32) ..\..\..\rom\include\core\app\srsf.iby(17): Missing file: '\epoc32\data\Z\Private\102818E7\locationvoicecommands.xml' in statement 'data='
33) ..\..\..\rom\include\core\mw\AknLayout2_nhd.iby(3): Missing file: '\epoc32\release\ARMV5\urel\10281f13.dll' in statement 'file='
34) ..\..\..\rom\include\core\mw\AknLayout2_nhd.iby(3): Missing file: '\epoc32\data\Z\resource\cdl\10281f13_cdl_detail.rsc' in statement 'data='
35) ..\..\..\rom\include\core\mw\AknLayout2_UiAccel_nhd.iby(3): Missing file: '\epoc32\release\ARMV5\urel\2001CB5B.dll' in statement 'file='
36) ..\..\..\rom\include\core\mw\AknLayout2_UiAccel_nhd.iby(3): Missing file: '\epoc32\data\Z\resource\cdl\2001CB5B_cdl_detail.rsc' in statement 'data='
37) ..\..\..\rom\include\core\mw\aknskins.iby(22): Missing file: '\epoc32\data\Z\resource\skins\101f84b9\101f84b9.sel' in statement 'DATA='
38) ..\..\..\rom\include\core\mw\mds.iby(76): Missing file: '\epoc32\data\Z\System\install\locationmanagerclient_stub.sis' in statement 'data='
39) ..\..\..\rom\include\core\mw\mds.iby(77): Missing file: '\epoc32\data\Z\System\install\locationtrail_stub.sis' in statement 'data='
40) ..\..\..\rom\include\core\mw\mds.iby(78): Missing file: '\epoc32\data\Z\System\install\locationmanagerserver_stub.sis' in statement 'data='
41) ..\..\..\rom\include\core\mw\mds.iby(79): Missing file: '\epoc32\data\Z\System\install\ReverseGeocode_stub.sis' in statement 'data='
42) ..\..\..\rom\include\core\mw\mds.iby(80): Missing file: '\epoc32\data\Z\System\install\ReverseGeoCoderPlugin_stub.sis' in statement 'data='
43) ..\..\..\rom\include\core\mw\mds.iby(81): Missing file: '\epoc32\data\Z\System\install\tagcreator_stub.sis' in statement 'data='
44) ..\..\..\rom\include\core\mw\mds.iby(82): Missing file: '\epoc32\data\Z\System\install\geotagger_stub.sis' in statement 'data='
45) ..\..\..\rom\include\core\mw\mds.iby(83): Missing file: '\epoc32\data\Z\System\install\geoconverter_stub.sis' in statement 'data='
46) ..\..\..\rom\include\core\mw\mtp_symbian_temp.iby(87): Missing file: '\epoc32\release\ARMV5\urel\mtpstatusservice.dll' in statement 'file='
47) ..\..\..\rom\include\core\mw\mtp_symbian_temp.iby(87): Missing file: '\epoc32\data\Z\resource\mtp\2001a97f.rsc' in statement 'data='
48) ..\..\..\rom\include\core\mw\mtp_symbian_temp.iby(89): Missing file: '\epoc32\release\ARMV5\urel\mtpmetadataservice.dll' in statement 'file='
49) ..\..\..\rom\include\core\mw\mtp_symbian_temp.iby(89): Missing file: '\epoc32\data\Z\resource\mtp\2001A9A3.rsc' in statement 'data='
50) ..\..\..\rom\include\core\mw\mtp_symbian_temp.iby(91): Missing file: '\epoc32\release\ARMV5\urel\mtpwmpextndp.dll' in statement 'file='
51) ..\..\..\rom\include\core\mw\mtp_symbian_temp.iby(91): Missing file: '\epoc32\data\Z\resource\mtp\1028716c.rsc' in statement 'data='
52) ..\..\..\rom\include\core\mw\mtp_symbian_temp.iby(148): Missing file: '\epoc32\release\ARMV5\urel\mtppimproxy.dll' in statement 'file='
53) ..\..\..\rom\include\core\mw\mtp_symbian_temp.iby(150): Missing file: '\epoc32\release\ARMV5\urel\mtpcalendardp.dll' in statement 'file='
54) ..\..\..\rom\include\core\mw\mtp_symbian_temp.iby(150): Missing file: '\epoc32\data\Z\resource\mtp\102871B8.rsc' in statement 'data='
55) ..\..\..\rom\include\core\mw\mtp_symbian_temp.iby(152): Missing file: '\epoc32\release\ARMV5\urel\mtptaskdp.dll' in statement 'file='
56) ..\..\..\rom\include\core\mw\mtp_symbian_temp.iby(152): Missing file: '\epoc32\data\Z\resource\mtp\10287013.rsc' in statement 'data='
57) ..\..\..\rom\include\core\mw\mtp_symbian_temp.iby(154): Missing file: '\epoc32\release\ARMV5\urel\mtpcontactdp.dll' in statement 'file='
58) ..\..\..\rom\include\core\mw\mtp_symbian_temp.iby(154): Missing file: '\epoc32\data\Z\resource\mtp\102872bd.rsc' in statement 'data='
59) ..\..\..\rom\include\core\mw\mtp_symbian_temp.iby(155): Missing file: '\epoc32\data\Z\resource\apps\mtpcontactviewdefinition.rsc' in statement 'data='
60) ..\..\..\rom\include\core\mw\qt.iby(29): Missing file: '\epoc32\release\ARMV5\urel\qaudio.dll' in statement 'file='
61) ..\..\..\rom\include\core\mw\qt.iby(30): Missing file: '\epoc32\release\ARMV5\urel\qvggraphicssystem.dll' in statement 'file='
62) ..\..\..\rom\include\core\mw\qt.iby(44): Missing file: '\epoc32\data\qt\qtlibspluginstubs\qaudio.qtplugin' in statement 'data='
63) ..\..\..\rom\include\core\mw\usbotgwatcher.iby(2): Missing file: '\epoc32\release\ARMV5\urel\errrd' in statement 'file='
64) ..\..\..\rom\include\customer\mw\fonts_variant.iby(100): Missing file: '\epoc32\release\ARMV5\urel\s60snr.ttf' in statement 'data='
65) ..\..\..\rom\include\customer\mw\fonts_variant.iby(101): Missing file: '\epoc32\release\ARMV5\urel\s60ssb.ttf' in statement 'data='
66) ..\..\..\rom\include\customer\mw\fonts_variant.iby(102): Missing file: '\epoc32\release\ARMV5\urel\s60tsb.ttf' in statement 'data='
67) ..\..\..\rom\include\customer\mw\fonts_variant.iby(103): Missing file: '\epoc32\release\ARMV5\urel\S60ZDIGI.ttf' in statement 'data='
68) ..\..\..\rom\include\customer\mw\rfs_variant.iby(1): Missing file: '\epoc32\data\Z\Private\100059C9\cenrep_rfs.txt' in statement 'data='
69) ..\..\..\rom\include\customervariant\app\qtdemoapps.iby(40): Missing file: '\epoc32\release\ARMV5\urel\standarddialogs.exe' in statement 'file='
70) ..\..\..\rom\include\customervariant\app\qtdemoapps.iby(41): Missing file: '\epoc32\data\Z\resource/apps\standarddialogs.RSC' in statement 'data='
71) ..\..\..\rom\include\customervariant\app\qtdemoapps.iby(42): Missing file: '\epoc32\data\Z\private\10003a3f\import\Apps\standarddialogs_reg.rsc' in statement 'data='
72) ..\..\..\rom\include\customervariant\app\qtdemoapps.iby(46): Missing file: '\epoc32\release\ARMV5\urel\gradients.exe' in statement 'file='
73) ..\..\..\rom\include\customervariant\app\qtdemoapps.iby(47): Missing file: '\epoc32\data\Z\resource/apps\gradients.RSC' in statement 'data='
74) ..\..\..\rom\include\customervariant\app\qtdemoapps.iby(48): Missing file: '\epoc32\data\Z\private\10003a3f\import\Apps\gradients_reg.rsc' in statement 'data='
75) ..\..\..\rom\include\customervariant\app\qtdemoapps.iby(58): Missing file: '\epoc32\release\ARMV5\urel\blurpicker.exe' in statement 'file='
76) ..\..\..\rom\include\customervariant\app\qtdemoapps.iby(59): Missing file: '\epoc32\data\Z\resource/apps\blurpicker.RSC' in statement 'data='
77) ..\..\..\rom\include\customervariant\app\qtdemoapps.iby(60): Missing file: '\epoc32\data\Z\private\10003a3f\import\Apps\blurpicker_reg.rsc' in statement 'data='
78) ..\..\..\rom\include\customervariant\app\qtdemoapps.iby(61): Missing file: '\epoc32\release\ARMV5\urel\knobs.exe' in statement 'file='
79) ..\..\..\rom\include\customervariant\app\qtdemoapps.iby(62): Missing file: '\epoc32\data\Z\resource/apps\knobs.RSC' in statement 'data='
80) ..\..\..\rom\include\customervariant\app\qtdemoapps.iby(63): Missing file: '\epoc32\data\Z\private\10003a3f\import\Apps\knobs_reg.rsc' in statement 'data='
81) ..\..\..\rom\include\customervariant\app\qtdemoapps.iby(70): Missing file: '\epoc32\release\ARMV5\urel\defaultprototypes.exe' in statement 'file='
82) ..\..\..\rom\include\customervariant\app\qtdemoapps.iby(71): Missing file: '\epoc32\data\Z\resource/apps\defaultprototypes.RSC' in statement 'data='
83) ..\..\..\rom\include\customervariant\app\qtdemoapps.iby(72): Missing file: '\epoc32\data\Z\private\10003a3f\import\Apps\defaultprototypes_reg.rsc' in statement 'data='
84) ..\..\..\rom\include\customervariant\app\qtdemoapps.iby(73): Missing file: '\epoc32\release\ARMV5\urel\queuedcustomtype.exe' in statement 'file='
85) ..\..\..\rom\include\customervariant\app\qtdemoapps.iby(74): Missing file: '\epoc32\data\Z\resource/apps\queuedcustomtype.RSC' in statement 'data='
86) ..\..\..\rom\include\customervariant\app\qtdemoapps.iby(75): Missing file: '\epoc32\data\Z\private\10003a3f\import\Apps\queuedcustomtype_reg.rsc' in statement 'data='
87) ..\..\..\..\epoc32\rom\include\OBEYFILE.iby(3): Missing file: '\epoc32\rom\include\OBEYFILE.oby' in statement 'data='

Warning(s):
 1) ../../../rom/include/core/mw/qt.iby:6: warning: #warning ("qt.iby: hack - BINARY_SELECTION_ORDER really needs to be at the baseport/device level as it depends on the device type");
 2) WARNING: PagingOverride redefined - previous PagingOverride values lost
 3) WARNING: CodePagingPolicy redefined - previous CodePagingPolicy values lost
 4) WARNING: PagingOverride redefined - previous PagingOverride values lost
 5) WARNING: CodePagingPolicy redefined - previous CodePagingPolicy values lost
 6) WARNING: PagingOverride redefined - previous PagingOverride values lost
 7) WARNING: PagingOverride redefined - previous PagingOverride values lost
 8) WARNING: PagingOverride redefined - previous PagingOverride values lost
 9) WARNING: File \epoc32\data\Z\private\102033E6\installer\inst_plugins.cfg does not exist or is 0 bytes in length.
10) WARNING: File \epoc32\data\Z\Resource\java\security\trustroots\midprootslist does not exist or is 0 bytes in length.

Error(s):
1) ERROR: Invalid patchable value at "PlatformEnv.dll@KDriveInfoDefaultRemovableMassStorage FF_DEFAULT_REMOVABLE_MASS_STORAGE"
2) ERROR: Invalid patchable value at "PlatformEnv.dll@KDriveInfoLogicallyRemovableDrive1 FF_LOGICALLY_REMOVABLE_DRIVE1"
3) ERROR: Invalid patchable value at "PlatformEnv.dll@KDriveInfoUsbDrivesStart FF_USB_DRIVE_START"
CopyFile: `/epoc32/rombuild/syborg/core/tmp1.oby' => `/epoc32/rombuild/syborg/core/syborg.tmp1.oby'
DeleteFile: `/epoc32/rombuild/syborg/core/tmp1.oby'
DeleteFile: `/epoc32/rombuild/syborg/core/tmp2.oby'
DeleteFile: `/epoc32/rombuild/syborg/core/tmp3.oby'
DeleteFile: `/epoc32/rombuild/syborg/core/tmp4.oby'
DeleteFile: `/epoc32/rombuild/syborg/core/tmp5.oby'
DeleteFile: `/epoc32/rombuild/syborg/core/tmp6.oby'
DeleteFile: `/epoc32/rombuild/syborg/core/tmp7.oby'
DeleteFile: `/epoc32/rombuild/syborg/core/tmp8.oby'
DeleteFile: `/epoc32/rombuild/syborg/core/tmp9.oby'
MoveFile: `/epoc32/rombuild/syborg/core/syborg.log' => `/epoc32/rombuild/syborg/core/syborg.rom.log'
MoveFile: `/epoc32/rombuild/syborg/core/syborg.oby' => `/epoc32/rombuild/syborg/core/syborg.rom.oby'
TestFile: `/epoc32/rombuild/syborg/core/syborg.rom.img'
EXIT: `S:CORE,C:1,B:1,K:0,V:1', duration: 01:00
ChangeDir: `/epoc32/rombuild/syborg'
===============================================================================
ENTER: `S:COREPOST,C:1,B:1,K:0,V:1'
EXIT: `S:COREPOST,C:1,B:1,K:0,V:1', duration: 00:00
===============================================================================
Step         Duration              
============ ===================== 
1. IMAKERPRE 00:00                 
2. COREPRE   00:02                 
3. CORE      01:00 (01:00 + 00:00) 
4. COREPOST  00:00                 
------------ --------------------- 
Total        01:02                 
